1.    :                                        Program   SEGMENT
2.    :                                        ORG 100H
3. 0100:  8AFA                    MOV      CH,CL
4. 0102:  C7C03930          MOV      AX, 12345
5. 0106:  C6C1FF               MOV      CL,0FFH
6. 0109:  8BFC                    MOV      SI,AX
7. 010B:  88900F               MOV      [BX+SI+0FH],DL
8. 010E:  C7C53101          MOV      BP,OFFSET A
9. 0112:  C7C33301          MOV      BX,OFFSET B
10. 0116:  8A9A38               MOV      DL,[BP+DI+56]
11. 0119:  8B807B               MOV      AX,[BX+SI+123]
12. 011C:  889A4A               MOV      [BP+SI+4AH],BL
13. 011F:  87D8                    XCHG      BX,AX
14. 0121:  E206                    LOOP       Q
15. 0123:  86CA                    XCHG      CL,DL
16. 0125:  868B003E          XCHG      [BP+DI+3EH],CL
17. 0129:  F7E8                    Q:  IMUL      AX
18. 012B:  87B1000C          XCHG      SI,[BX+DI+0CH]
19. 012F:  CD20                    INT 20H
20. 0131:  5088                    A   DB       80 , 88h
21. 0133:  380AFF00          B   DW       0A38H, 0FFH
22.    :                                        Program   ENDS
23.    :                                        END
